\BOOKMARK [1][-]{section.1}{L\346sevejledning}{}% 1
\BOOKMARK [2][-]{subsection.1.1}{Afsnit}{section.1}% 2
\BOOKMARK [2][-]{subsection.1.2}{Bilag}{section.1}% 3
\BOOKMARK [2][-]{subsection.1.3}{Kilder}{section.1}% 4
\BOOKMARK [3][-]{subsubsection.1.3.1}{Websider}{subsection.1.3}% 5
\BOOKMARK [3][-]{subsubsection.1.3.2}{B\370ger og skrifter}{subsection.1.3}% 6
\BOOKMARK [1][-]{section.2}{Projektbeskrivelse}{}% 7
\BOOKMARK [2][-]{subsection.2.1}{Problemanalyse}{section.2}% 8
\BOOKMARK [2][-]{subsection.2.2}{Problemformulering}{section.2}% 9
\BOOKMARK [2][-]{subsection.2.3}{Projektafgr\346nsning}{section.2}% 10
\BOOKMARK [2][-]{subsection.2.4}{Overordnede produktkrav}{section.2}% 11
\BOOKMARK [2][-]{subsection.2.5}{Tidsplan for projektet}{section.2}% 12
\BOOKMARK [1][-]{section.3}{Overordnet l\370sningsforslag}{}% 13
\BOOKMARK [2][-]{subsection.3.1}{Gauss-kanon}{section.3}% 14
\BOOKMARK [3][-]{subsubsection.3.1.1}{Magnetisk l\370b}{subsection.3.1}% 15
\BOOKMARK [3][-]{subsubsection.3.1.2}{Magnetisk aftr\346kker}{subsection.3.1}% 16
\BOOKMARK [2][-]{subsection.3.2}{Elastik-kanon}{section.3}% 17
\BOOKMARK [2][-]{subsection.3.3}{Valg af overordnet l\370sning}{section.3}% 18
\BOOKMARK [1][-]{section.4}{Samlet kredsl\370b}{}% 19
\BOOKMARK [2][-]{subsection.4.1}{hastighedsm\345ler}{section.4}% 20
\BOOKMARK [2][-]{subsection.4.2}{farve sensor}{section.4}% 21
\BOOKMARK [2][-]{subsection.4.3}{controller}{section.4}% 22
\BOOKMARK [2][-]{subsection.4.4}{moterkontrol}{section.4}% 23
\BOOKMARK [1][-]{section.5}{Retningsregulerende kreds}{}% 24
\BOOKMARK [2][-]{subsection.5.1}{Komponenter}{section.5}% 25
\BOOKMARK [3][-]{subsubsection.5.1.1}{N-Channel power MOSFET - F12N10L}{subsection.5.1}% 26
\BOOKMARK [3][-]{subsubsection.5.1.2}{Stepper motor - RS191-8328}{subsection.5.1}% 27
\BOOKMARK [3][-]{subsubsection.5.1.3}{Arduino}{subsection.5.1}% 28
\BOOKMARK [2][-]{subsection.5.2}{Teori}{section.5}% 29
\BOOKMARK [3][-]{subsubsection.5.2.1}{MOSFET}{subsection.5.2}% 30
\BOOKMARK [3][-]{subsubsection.5.2.2}{Stepper motor}{subsection.5.2}% 31
\BOOKMARK [2][-]{subsection.5.3}{Test}{section.5}% 32
\BOOKMARK [1][-]{section.6}{Hastighedsregulerende kreds}{}% 33
\BOOKMARK [2][-]{subsection.6.1}{Komponenter}{section.6}% 34
\BOOKMARK [2][-]{subsection.6.2}{Lego 9 V DC motor}{section.6}% 35
\BOOKMARK [2][-]{subsection.6.3}{Arduino}{section.6}% 36
\BOOKMARK [2][-]{subsection.6.4}{Dual H-bridge motor driver - L293D}{section.6}% 37
\BOOKMARK [2][-]{subsection.6.5}{Teori}{section.6}% 38
\BOOKMARK [3][-]{subsubsection.6.5.1}{H bridge}{subsection.6.5}% 39
\BOOKMARK [2][-]{subsection.6.6}{Test}{section.6}% 40
\BOOKMARK [1][-]{section.7}{Hastighedsm\345ler}{}% 41
\BOOKMARK [2][-]{subsection.7.1}{Komponenter}{section.7}% 42
\BOOKMARK [3][-]{subsubsection.7.1.1}{IR afsender diode - L-34F3BT}{subsection.7.1}% 43
\BOOKMARK [3][-]{subsubsection.7.1.2}{IR modtager diode - BPW 34 FA}{subsection.7.1}% 44
\BOOKMARK [3][-]{subsubsection.7.1.3}{555 timer - NE555P}{subsection.7.1}% 45
\BOOKMARK [3][-]{subsubsection.7.1.4}{Signal invertering - HEF4001B}{subsection.7.1}% 46
\BOOKMARK [2][-]{subsection.7.2}{Teori}{section.7}% 47
\BOOKMARK [3][-]{subsubsection.7.2.1}{Benyttelse af diode som variabel sp\346nding}{subsection.7.2}% 48
\BOOKMARK [3][-]{subsubsection.7.2.2}{Nor-gate}{subsection.7.2}% 49
\BOOKMARK [3][-]{subsubsection.7.2.3}{Hastighedsm\345lingsmetoder}{subsection.7.2}% 50
\BOOKMARK [2][-]{subsection.7.3}{Beregninger}{section.7}% 51
\BOOKMARK [3][-]{subsubsection.7.3.1}{555 timer modstande}{subsection.7.3}% 52
\BOOKMARK [3][-]{subsubsection.7.3.2}{Bestemmelse af modstande for peak-detektoren}{subsection.7.3}% 53
\BOOKMARK [2][-]{subsection.7.4}{Test}{section.7}% 54
\BOOKMARK [3][-]{subsubsection.7.4.1}{Afsender dioden}{subsection.7.4}% 55
\BOOKMARK [3][-]{subsubsection.7.4.2}{Modtager dioden}{subsection.7.4}% 56
\BOOKMARK [1][-]{section.8}{Controller}{}% 57
\BOOKMARK [2][-]{subsection.8.1}{Komponenter}{section.8}% 58
\BOOKMARK [2][-]{subsection.8.2}{Teori}{section.8}% 59
\BOOKMARK [1][-]{section.9}{Display}{}% 60
\BOOKMARK [2][-]{subsection.9.1}{LCD-kredsl\370b}{section.9}% 61
\BOOKMARK [3][-]{subsubsection.9.1.1}{LCD setup}{subsection.9.1}% 62
\BOOKMARK [2][-]{subsection.9.2}{Teori}{section.9}% 63
\BOOKMARK [3][-]{subsubsection.9.2.1}{LiquidCrystal library}{subsection.9.2}% 64
\BOOKMARK [2][-]{subsection.9.3}{Komponenter}{section.9}% 65
\BOOKMARK [3][-]{subsubsection.9.3.1}{Arduino}{subsection.9.3}% 66
\BOOKMARK [3][-]{subsubsection.9.3.2}{LCD display}{subsection.9.3}% 67
\BOOKMARK [2][-]{subsection.9.4}{Test}{section.9}% 68
\BOOKMARK [1][-]{section.10}{Ladningssensor}{}% 69
\BOOKMARK [2][-]{subsection.10.1}{Komponenter}{section.10}% 70
\BOOKMARK [3][-]{subsubsection.10.1.1}{BPW21 - Fotodiode}{subsection.10.1}% 71
\BOOKMARK [3][-]{subsubsection.10.1.2}{LED - RGB Clear Common Anode}{subsection.10.1}% 72
\BOOKMARK [3][-]{subsubsection.10.1.3}{OPAMP - MCP601}{subsection.10.1}% 73
\BOOKMARK [2][-]{subsection.10.2}{Teori}{section.10}% 74
\BOOKMARK [3][-]{subsubsection.10.2.1}{OPAMP}{subsection.10.2}% 75
\BOOKMARK [3][-]{subsubsection.10.2.2}{Analog input til registrering af farve}{subsection.10.2}% 76
\BOOKMARK [2][-]{subsection.10.3}{Beregninger}{section.10}% 77
\BOOKMARK [3][-]{subsubsection.10.3.1}{Modstanden af LED}{subsection.10.3}% 78
\BOOKMARK [3][-]{subsubsection.10.3.2}{OPAMP modstande}{subsection.10.3}% 79
\BOOKMARK [2][-]{subsection.10.4}{Test}{section.10}% 80
\BOOKMARK [1][-]{section.11}{Arduinoen}{}% 81
\BOOKMARK [2][-]{subsection.11.1}{Analog inputs og outputs \(PWM\)}{section.11}% 82
\BOOKMARK [2][-]{subsection.11.2}{Digital inputs og outputs}{section.11}% 83
\BOOKMARK [2][-]{subsection.11.3}{I2C - Synkroniseret kommunikation}{section.11}% 84
\BOOKMARK [1][-]{section.12}{Fremstilling}{}% 85
\BOOKMARK [2][-]{subsection.12.1}{Projektiler}{section.12}% 86
\BOOKMARK [2][-]{subsection.12.2}{Fumlebr\346t-modeller}{section.12}% 87
\BOOKMARK [2][-]{subsection.12.3}{PCB - fremstilling}{section.12}% 88
\BOOKMARK [3][-]{subsubsection.12.3.1}{Kemisk fremstilling}{subsection.12.3}% 89
\BOOKMARK [3][-]{subsubsection.12.3.2}{Problemer med printboards}{subsection.12.3}% 90
\BOOKMARK [2][-]{subsection.12.4}{Endelige prototype}{section.12}% 91
\BOOKMARK [1][-]{section.13}{Slut afpr\370vning}{}% 92
\BOOKMARK [1][-]{section.14}{Videreudvikling}{}% 93
\BOOKMARK [1][-]{section.15}{Prisliste}{}% 94
\BOOKMARK [2][-]{subsection.15.1}{Produktionsomkostninger}{section.15}% 95
\BOOKMARK [2][-]{subsection.15.2}{Estimering af udsalgspris}{section.15}% 96
\BOOKMARK [2][-]{subsection.15.3}{Konkurrencedygtighed}{section.15}% 97
\BOOKMARK [1][-]{section.16}{Konklusion}{}% 98
\BOOKMARK [1][-]{section.17}{Evaluering}{}% 99
\BOOKMARK [1][-]{section.17}{Referencer}{}% 100
\BOOKMARK [1][-]{appendix.A}{Samlet kredsl\370b}{}% 101
\BOOKMARK [1][-]{appendix.B}{PCB artwork til hastighedssensor}{}% 102
\BOOKMARK [1][-]{appendix.C}{PCB artwork til arduino shield}{}% 103
\BOOKMARK [1][-]{appendix.D}{Fumlebr\346tmodel anden del}{}% 104
\BOOKMARK [1][-]{appendix.E}{Program til Arduino}{}% 105
\BOOKMARK [1][-]{appendix.F}{Logbog}{}% 106
